Determining if the log exist failed with the following output:
Change Dir: /home/balebom/Desktop/machine/github/individual/cmake/build/CMakeFiles/CMakeTmp

Run Build Command(s):/usr/bin/make -f Makefile cmTC_14e53/fast && /usr/bin/make  -f CMakeFiles/cmTC_14e53.dir/build.make CMakeFiles/cmTC_14e53.dir/build
make[1]: Entering directory '/home/balebom/Desktop/machine/github/individual/cmake/build/CMakeFiles/CMakeTmp'
Building C object CMakeFiles/cmTC_14e53.dir/CheckSymbolExists.c.o
/usr/bin/cc    -o CMakeFiles/cmTC_14e53.dir/CheckSymbolExists.c.o -c /home/balebom/Desktop/machine/github/individual/cmake/build/CMakeFiles/CMakeTmp/CheckSymbolExists.c
Linking C executable cmTC_14e53
/opt/cmake-3.22.1-linux-x86_64/bin/cmake -E cmake_link_script CMakeFiles/cmTC_14e53.dir/link.txt --verbose=1
/usr/bin/cc CMakeFiles/cmTC_14e53.dir/CheckSymbolExists.c.o -o cmTC_14e53 
CMakeFiles/cmTC_14e53.dir/CheckSymbolExists.c.o: In function `main':
CheckSymbolExists.c:(.text+0x1b): undefined reference to `log'
collect2: error: ld returned 1 exit status
CMakeFiles/cmTC_14e53.dir/build.make:98: recipe for target 'cmTC_14e53' failed
make[1]: *** [cmTC_14e53] Error 1
make[1]: Leaving directory '/home/balebom/Desktop/machine/github/individual/cmake/build/CMakeFiles/CMakeTmp'
Makefile:127: recipe for target 'cmTC_14e53/fast' failed
make: *** [cmTC_14e53/fast] Error 2


File /home/balebom/Desktop/machine/github/individual/cmake/build/CMakeFiles/CMakeTmp/CheckSymbolExists.c:
/* */
#include <math.h>

int main(int argc, char** argv)
{
  (void)argv;
#ifndef log
  return ((int*)(&log))[argc];
#else
  (void)argc;
  return 0;
#endif
}
Determining if the exp exist failed with the following output:
Change Dir: /home/balebom/Desktop/machine/github/individual/cmake/build/CMakeFiles/CMakeTmp

Run Build Command(s):/usr/bin/make -f Makefile cmTC_3c72c/fast && /usr/bin/make  -f CMakeFiles/cmTC_3c72c.dir/build.make CMakeFiles/cmTC_3c72c.dir/build
make[1]: Entering directory '/home/balebom/Desktop/machine/github/individual/cmake/build/CMakeFiles/CMakeTmp'
Building C object CMakeFiles/cmTC_3c72c.dir/CheckSymbolExists.c.o
/usr/bin/cc    -o CMakeFiles/cmTC_3c72c.dir/CheckSymbolExists.c.o -c /home/balebom/Desktop/machine/github/individual/cmake/build/CMakeFiles/CMakeTmp/CheckSymbolExists.c
Linking C executable cmTC_3c72c
/opt/cmake-3.22.1-linux-x86_64/bin/cmake -E cmake_link_script CMakeFiles/cmTC_3c72c.dir/link.txt --verbose=1
/usr/bin/cc CMakeFiles/cmTC_3c72c.dir/CheckSymbolExists.c.o -o cmTC_3c72c 
CMakeFiles/cmTC_3c72c.dir/CheckSymbolExists.c.o: In function `main':
CheckSymbolExists.c:(.text+0x1b): undefined reference to `exp'
collect2: error: ld returned 1 exit status
CMakeFiles/cmTC_3c72c.dir/build.make:98: recipe for target 'cmTC_3c72c' failed
make[1]: *** [cmTC_3c72c] Error 1
make[1]: Leaving directory '/home/balebom/Desktop/machine/github/individual/cmake/build/CMakeFiles/CMakeTmp'
Makefile:127: recipe for target 'cmTC_3c72c/fast' failed
make: *** [cmTC_3c72c/fast] Error 2


File /home/balebom/Desktop/machine/github/individual/cmake/build/CMakeFiles/CMakeTmp/CheckSymbolExists.c:
/* */
#include <math.h>

int main(int argc, char** argv)
{
  (void)argv;
#ifndef exp
  return ((int*)(&exp))[argc];
#else
  (void)argc;
  return 0;
#endif
}
